{
"contracts/Raffle.sol":{"l":{"62":3,"63":3,"64":3,"65":3,"66":3,"67":3,"68":3,"69":3,"73":5,"74":1,"76":4,"77":1,"79":3,"80":3,"93":1,"94":1,"95":1,"96":1,"97":1,"101":1,"102":1,"103":0,"109":1,"110":1,"117":1,"124":0,"125":0,"126":0,"127":0,"128":0,"129":0,"130":0,"132":0,"133":0,"135":0,"141":5,"145":1,"149":0,"153":1,"157":0,"161":0,"165":0,"169":0,"173":6},"path":"/Users/test./codes/fc-pc-solidity/hardhat-smartcontract-raffle/contracts/Raffle.sol","s":{"1":5,"2":4,"3":3,"4":3,"5":1,"6":1,"7":1,"8":1,"9":1,"10":1,"11":1,"12":1,"13":0,"14":0,"15":0,"16":0,"17":0,"18":5,"19":1,"20":0,"21":1,"22":0,"23":0,"24":0,"25":0,"26":6},"b":{"1":[1,4],"2":[1,3],"3":[0,1],"4":[0,0]},"f":{"1":3,"2":5,"3":1,"4":1,"5":0,"6":5,"7":1,"8":0,"9":1,"10":0,"11":0,"12":0,"13":0,"14":6},"fnMap":{"1":{"name":"constructor","line":61,"loc":{"start":{"line":54,"column":4},"end":{"line":70,"column":4}}},"2":{"name":"enterRaffle","line":72,"loc":{"start":{"line":72,"column":4},"end":{"line":81,"column":4}}},"3":{"name":"checkUpkeep","line":92,"loc":{"start":{"line":92,"column":4},"end":{"line":98,"column":4}}},"4":{"name":"performUpkeep","line":100,"loc":{"start":{"line":100,"column":4},"end":{"line":118,"column":4}}},"5":{"name":"fulfillRandomWords","line":120,"loc":{"start":{"line":120,"column":4},"end":{"line":136,"column":4}}},"6":{"name":"getEntranceFee","line":140,"loc":{"start":{"line":140,"column":4},"end":{"line":142,"column":4}}},"7":{"name":"getPlayers","line":144,"loc":{"start":{"line":144,"column":4},"end":{"line":146,"column":4}}},"8":{"name":"getRecentWinner","line":148,"loc":{"start":{"line":148,"column":4},"end":{"line":150,"column":4}}},"9":{"name":"getRaffleState","line":152,"loc":{"start":{"line":152,"column":4},"end":{"line":154,"column":4}}},"10":{"name":"getNumWords","line":156,"loc":{"start":{"line":156,"column":4},"end":{"line":158,"column":4}}},"11":{"name":"getNumberOfPlayers","line":160,"loc":{"start":{"line":160,"column":4},"end":{"line":162,"column":4}}},"12":{"name":"getLatestTimeStamp","line":164,"loc":{"start":{"line":164,"column":4},"end":{"line":166,"column":4}}},"13":{"name":"getRequestConfirmations","line":168,"loc":{"start":{"line":168,"column":4},"end":{"line":170,"column":4}}},"14":{"name":"getInterval","line":172,"loc":{"start":{"line":172,"column":4},"end":{"line":174,"column":4}}}},"statementMap":{"1":{"start":{"line":73,"column":8},"end":{"line":73,"column":2550}},"2":{"start":{"line":76,"column":8},"end":{"line":76,"column":2651}},"3":{"start":{"line":79,"column":8},"end":{"line":79,"column":42}},"4":{"start":{"line":80,"column":8},"end":{"line":80,"column":36}},"5":{"start":{"line":93,"column":8},"end":{"line":93,"column":57}},"6":{"start":{"line":94,"column":8},"end":{"line":94,"column":76}},"7":{"start":{"line":95,"column":8},"end":{"line":95,"column":48}},"8":{"start":{"line":96,"column":8},"end":{"line":96,"column":51}},"9":{"start":{"line":101,"column":8},"end":{"line":101,"column":47}},"10":{"start":{"line":102,"column":8},"end":{"line":102,"column":3841}},"11":{"start":{"line":110,"column":8},"end":{"line":110,"column":4101}},"12":{"start":{"line":117,"column":8},"end":{"line":117,"column":45}},"13":{"start":{"line":124,"column":8},"end":{"line":124,"column":65}},"14":{"start":{"line":125,"column":8},"end":{"line":125,"column":63}},"15":{"start":{"line":130,"column":8},"end":{"line":130,"column":78}},"16":{"start":{"line":132,"column":8},"end":{"line":132,"column":4910}},"17":{"start":{"line":135,"column":8},"end":{"line":135,"column":39}},"18":{"start":{"line":141,"column":8},"end":{"line":141,"column":28}},"19":{"start":{"line":145,"column":8},"end":{"line":145,"column":31}},"20":{"start":{"line":149,"column":8},"end":{"line":149,"column":29}},"21":{"start":{"line":153,"column":8},"end":{"line":153,"column":28}},"22":{"start":{"line":157,"column":8},"end":{"line":157,"column":24}},"23":{"start":{"line":161,"column":8},"end":{"line":161,"column":31}},"24":{"start":{"line":165,"column":8},"end":{"line":165,"column":30}},"25":{"start":{"line":169,"column":8},"end":{"line":169,"column":36}},"26":{"start":{"line":173,"column":8},"end":{"line":173,"column":25}}},"branchMap":{"1":{"line":73,"type":"if","locations":[{"start":{"line":73,"column":8},"end":{"line":73,"column":8}},{"start":{"line":73,"column":8},"end":{"line":73,"column":8}}]},"2":{"line":76,"type":"if","locations":[{"start":{"line":76,"column":8},"end":{"line":76,"column":8}},{"start":{"line":76,"column":8},"end":{"line":76,"column":8}}]},"3":{"line":102,"type":"if","locations":[{"start":{"line":102,"column":8},"end":{"line":102,"column":8}},{"start":{"line":102,"column":8},"end":{"line":102,"column":8}}]},"4":{"line":132,"type":"if","locations":[{"start":{"line":132,"column":8},"end":{"line":132,"column":8}},{"start":{"line":132,"column":8},"end":{"line":132,"column":8}}]}}},
"contracts/test/VRFCoordinatorV2.sol":{"l":{},"path":"/Users/test./codes/fc-pc-solidity/hardhat-smartcontract-raffle/contracts/test/VRFCoordinatorV2.sol","s":{},"b":{},"f":{},"fnMap":{},"statementMap":{},"branchMap":{}}}
