TN:
SF:/Users/test./codes/fc-pc-solidity/hardhat-smartcontract-raffle/contracts/Raffle.sol
FN:61,constructor
FN:72,enterRaffle
FN:92,checkUpkeep
FN:100,performUpkeep
FN:120,fulfillRandomWords
FN:140,getEntranceFee
FN:144,getPlayers
FN:148,getRecentWinner
FN:152,getRaffleState
FN:156,getNumWords
FN:160,getNumberOfPlayers
FN:164,getLatestTimeStamp
FN:168,getRequestConfirmations
FN:172,getInterval
FNF:14
FNH:8
FNDA:3,constructor
FNDA:5,enterRaffle
FNDA:1,checkUpkeep
FNDA:1,performUpkeep
FNDA:0,fulfillRandomWords
FNDA:5,getEntranceFee
FNDA:1,getPlayers
FNDA:0,getRecentWinner
FNDA:1,getRaffleState
FNDA:0,getNumWords
FNDA:0,getNumberOfPlayers
FNDA:0,getLatestTimeStamp
FNDA:0,getRequestConfirmations
FNDA:6,getInterval
DA:62,3
DA:63,3
DA:64,3
DA:65,3
DA:66,3
DA:67,3
DA:68,3
DA:69,3
DA:73,5
DA:74,1
DA:76,4
DA:77,1
DA:79,3
DA:80,3
DA:93,1
DA:94,1
DA:95,1
DA:96,1
DA:97,1
DA:101,1
DA:102,1
DA:103,0
DA:109,1
DA:110,1
DA:117,1
DA:124,0
DA:125,0
DA:126,0
DA:127,0
DA:128,0
DA:129,0
DA:130,0
DA:132,0
DA:133,0
DA:135,0
DA:141,5
DA:145,1
DA:149,0
DA:153,1
DA:157,0
DA:161,0
DA:165,0
DA:169,0
DA:173,6
LF:44
LH:28
BRDA:73,1,0,1
BRDA:73,1,1,4
BRDA:76,2,0,1
BRDA:76,2,1,3
BRDA:102,3,0,0
BRDA:102,3,1,1
BRDA:132,4,0,0
BRDA:132,4,1,0
BRF:8
BRH:5
end_of_record
TN:
SF:/Users/test./codes/fc-pc-solidity/hardhat-smartcontract-raffle/contracts/test/VRFCoordinatorV2.sol
FNF:0
FNH:0
LF:0
LH:0
BRF:0
BRH:0
end_of_record
